\BOOKMARK [1][-]{section*.1}{\376\377\000A\000b\000s\000t\000r\000a\000c\000t}{}% 1
\BOOKMARK [2][-]{section*.2}{\376\377\000O\000b\000j\000e\000c\000t\000i\000v\000e}{section*.1}% 2
\BOOKMARK [2][-]{section*.3}{\376\377\000M\000a\000t\000e\000r\000i\000a\000l\000s}{section*.1}% 3
\BOOKMARK [2][-]{section*.4}{\376\377\000M\000e\000t\000h\000o\000d\000s}{section*.1}% 4
\BOOKMARK [2][-]{section*.5}{\376\377\000R\000e\000s\000u\000l\000t\000s}{section*.1}% 5
\BOOKMARK [2][-]{section*.6}{\376\377\000D\000i\000s\000c\000u\000s\000s\000i\000o\000n}{section*.1}% 6
\BOOKMARK [2][-]{section*.7}{\376\377\000C\000o\000n\000c\000l\000u\000s\000i\000o\000n}{section*.1}% 7
\BOOKMARK [1][-]{section*.8}{\376\377\000I\000n\000t\000r\000o\000d\000u\000c\000t\000i\000o\000n}{}% 8
\BOOKMARK [1][-]{section*.10}{\376\377\000M\000e\000t\000h\000o\000d\000s}{}% 9
\BOOKMARK [2][-]{section*.11}{\376\377\000E\000t\000h\000i\000c\000s\000\040\000S\000t\000a\000t\000e\000m\000e\000n\000t}{section*.10}% 10
\BOOKMARK [2][-]{section*.12}{\376\377\000P\000r\000e\000p\000r\000o\000c\000e\000s\000s\000i\000n\000g}{section*.10}% 11
\BOOKMARK [2][-]{section*.13}{\376\377\000M\000u\000l\000t\000i\000-\000L\000a\000b\000e\000l\000\040\000C\000l\000a\000s\000s\000i\000f\000i\000c\000a\000t\000i\000o\000n}{section*.10}% 12
\BOOKMARK [3][-]{section*.15}{\376\377\000S\000e\000l\000e\000c\000t\000e\000d\000\040\000F\000e\000a\000t\000u\000r\000e\000s}{section*.13}% 13
\BOOKMARK [3][-]{section*.16}{\376\377\000L\000o\000g\000i\000s\000t\000i\000c\000\040\000R\000e\000g\000r\000e\000s\000s\000i\000o\000n}{section*.13}% 14
\BOOKMARK [3][-]{section*.17}{\376\377\000T\000r\000a\000n\000s\000f\000o\000r\000m\000e\000r}{section*.13}% 15
\BOOKMARK [3][-]{section*.19}{\376\377\000S\000t\000a\000t\000i\000s\000t\000i\000c\000a\000l\000\040\000T\000e\000s\000t\000s}{section*.13}% 16
\BOOKMARK [2][-]{section*.20}{\376\377\000M\000u\000l\000t\000i\000-\000C\000l\000a\000s\000s\000\040\000C\000l\000a\000s\000s\000i\000f\000i\000c\000a\000t\000i\000o\000n}{section*.10}% 17
\BOOKMARK [3][-]{section*.21}{\376\377\000S\000e\000l\000e\000c\000t\000e\000d\000\040\000F\000e\000a\000t\000u\000r\000e\000s}{section*.20}% 18
\BOOKMARK [3][-]{section*.22}{\376\377\000L\000o\000g\000i\000s\000t\000i\000c\000\040\000R\000e\000g\000r\000e\000s\000s\000i\000o\000n}{section*.20}% 19
\BOOKMARK [3][-]{section*.23}{\376\377\000T\000r\000a\000n\000s\000f\000o\000r\000m\000e\000r}{section*.20}% 20
\BOOKMARK [3][-]{section*.25}{\376\377\000S\000t\000a\000t\000i\000s\000t\000i\000c\000a\000l\000\040\000T\000e\000s\000t\000s}{section*.20}% 21
\BOOKMARK [2][-]{section*.28}{\376\377\000F\000r\000i\000e\000d\000m\000a\000n\000'\000s\000\040\000T\000e\000s\000t\000\040\000o\000f\000\040\000S\000i\000g\000n\000i\000f\000i\000c\000a\000n\000c\000e}{section*.10}% 22
\BOOKMARK [1][-]{section*.29}{\376\377\000R\000e\000s\000u\000l\000t\000s\000\040\000a\000n\000d\000\040\000A\000n\000a\000l\000y\000s\000i\000s}{}% 23
\BOOKMARK [2][-]{section*.30}{\376\377\000M\000u\000l\000t\000i\000-\000L\000a\000b\000e\000l\000\040\000S\000t\000a\000t\000i\000s\000t\000i\000c\000a\000l\000\040\000T\000e\000s\000t\000s}{section*.29}% 24
\BOOKMARK [3][-]{section*.31}{\376\377\000A\000c\000c\000u\000r\000a\000c\000y\000,\000\040\000P\000r\000e\000c\000i\000s\000i\000o\000n\000,\000\040\000R\000e\000c\000a\000l\000l\000,\000\040\000a\000n\000d\000\040\000F\0001\000-\000S\000c\000o\000r\000e\000s}{section*.30}% 25
\BOOKMARK [3][-]{section*.33}{\376\377\000H\000a\000m\000m\000i\000n\000g\000\040\000L\000o\000s\000s}{section*.30}% 26
\BOOKMARK [3][-]{section*.35}{\376\377\000F\000r\000i\000e\000d\000m\000a\000n\000'\000s\000\040\000T\000e\000s\000t\000\040\000o\000f\000\040\000S\000i\000g\000n\000i\000f\000i\000c\000a\000n\000c\000e}{section*.30}% 27
\BOOKMARK [2][-]{section*.37}{\376\377\000M\000u\000l\000t\000i\000-\000C\000l\000a\000s\000s\000\040\000S\000t\000a\000t\000i\000s\000t\000i\000c\000a\000l\000\040\000T\000e\000s\000t\000s}{section*.29}% 28
\BOOKMARK [3][-]{section*.38}{\376\377\000A\000c\000c\000u\000r\000a\000c\000y\000,\000\040\000P\000r\000e\000c\000i\000s\000i\000o\000n\000,\000\040\000R\000e\000c\000a\000l\000l\000,\000\040\000a\000n\000d\000\040\000F\0001\000-\000S\000c\000o\000r\000e\000s}{section*.37}% 29
\BOOKMARK [3][-]{section*.40}{\376\377\000C\000o\000h\000e\000n\000'\000s\000\040\000K\000a\000p\000p\000a}{section*.37}% 30
\BOOKMARK [3][-]{section*.42}{\376\377\000M\000a\000t\000t\000h\000e\000w\000s\000\040\000C\000o\000r\000r\000e\000l\000a\000t\000i\000o\000n\000\040\000C\000o\000e\000f\000f\000i\000c\000i\000e\000n\000t}{section*.37}% 31
\BOOKMARK [1][-]{section*.44}{\376\377\000D\000i\000s\000c\000u\000s\000s\000i\000o\000n}{}% 32
\BOOKMARK [2][-]{section*.45}{\376\377\000M\000u\000l\000t\000i\000-\000L\000a\000b\000e\000l\000\040\000C\000l\000a\000s\000s\000i\000f\000i\000c\000a\000t\000i\000o\000n\000\040\000T\000a\000s\000k}{section*.44}% 33
\BOOKMARK [2][-]{section*.46}{\376\377\000M\000u\000l\000t\000i\000-\000C\000l\000a\000s\000s\000\040\000C\000l\000a\000s\000s\000i\000f\000i\000c\000a\000t\000i\000o\000n\000\040\000T\000a\000s\000k}{section*.44}% 34
\BOOKMARK [2][-]{section*.47}{\376\377\000F\000r\000i\000e\000d\000m\000a\000n\000'\000s\000\040\000T\000e\000s\000t\000\040\000o\000n\000\040\000M\000u\000l\000t\000i\000-\000C\000l\000a\000s\000s\000\040\000C\000l\000a\000s\000s\000i\000f\000i\000c\000a\000t\000i\000o\000n}{section*.44}% 35
\BOOKMARK [1][-]{section*.48}{\376\377\000C\000o\000n\000c\000l\000u\000s\000i\000o\000n\000\040\000a\000n\000d\000\040\000F\000u\000t\000u\000r\000e\000\040\000D\000i\000r\000e\000c\000t\000i\000o\000n\000s}{}% 36
\BOOKMARK [1][-]{section*.50}{\376\377\000A\000p\000p\000e\000n\000d\000i\000x}{}% 37
\BOOKMARK [2][-]{section*.51}{\376\377\000A\000p\000p\000e\000n\000d\000i\000x\000\040\000A\000\040\000-\000\040\000E\000q\000u\000a\000t\000i\000o\000n\000s\000\040\000f\000o\000r\000\040\000S\000t\000a\000t\000i\000s\000t\000i\000c\000a\000l\000\040\000T\000e\000s\000t\000s}{section*.50}% 38
\BOOKMARK [2][-]{section*.52}{\376\377\000A\000p\000p\000e\000n\000d\000i\000x\000\040\000B\000\040\000-\000\040\000T\000r\000a\000n\000s\000f\000o\000r\000m\000e\000r\000\040\000M\000o\000d\000e\000l\000\040\000P\000e\000r\000f\000o\000r\000m\000a\000n\000c\000e\000s}{section*.50}% 39
\BOOKMARK [2][-]{section*.58}{\376\377\000A\000p\000p\000e\000n\000d\000i\000x\000\040\000C\000\040\000-\000\040\000S\000o\000u\000r\000c\000e\000\040\000C\000o\000d\000e}{section*.50}% 40
